{"numFailedTestSuites":1,"numFailedTests":1,"numPassedTestSuites":19,"numPassedTests":115,"numPendingTestSuites":0,"numPendingTests":0,"numRuntimeErrorTestSuites":0,"numTodoTests":0,"numTotalTestSuites":20,"numTotalTests":116,"openHandles":[],"snapshot":{"added":0,"didUpdate":false,"failure":false,"filesAdded":0,"filesRemoved":0,"filesRemovedList":[],"filesUnmatched":0,"filesUpdated":0,"matched":0,"total":0,"unchecked":0,"uncheckedKeysByFile":[],"unmatched":0,"updated":0},"startTime":1784913179034,"success":false,"testResults":[{"assertionResults":[{"ancestorTitles":["7. PRUEBA DE COMPONENTE QUE REPRODUZCA EL ERROR"],"duration":136,"failing":false,"failureDetails":[],"failureMessages":[],"fullName":"7. PRUEBA DE COMPONENTE QUE REPRODUZCA EL ERROR Casos obligatorios 1 al 10: Flujo de creación y onNext condicionado a fetch real","invocations":1,"location":null,"numPassingAsserts":7,"retryReasons":[],"startAt":1784913180370,"status":"passed","title":"Casos obligatorios 1 al 10: Flujo de creación y onNext condicionado a fetch real"},{"ancestorTitles":["7. PRUEBA DE COMPONENTE QUE REPRODUZCA EL ERROR"],"duration":75,"failing":false,"failureDetails":[{"name":"TestingLibraryElementError"}],"failureMessages":["TestingLibraryElementError: Unable to find an element with the text: Error. This could be because the text is broken up by multiple elements. In this case, you can provide a function for your text matcher to make your matcher more flexible.\n\nIgnored nodes: comments, script, style\n\u001b[36m<body>\u001b[39m\n  \u001b[36m<div>\u001b[39m\n    \u001b[36m<form\u001b[39m\n      \u001b[33mclass\u001b[39m=\u001b[32m\"space-y-6\"\u001b[39m\n    \u001b[36m>\u001b[39m\n      \u001b[36m<h2\u001b[39m\n        \u001b[33mclass\u001b[39m=\u001b[32m\"text-xl font-semibold text-slate-800 mb-4\"\u001b[39m\n      \u001b[36m>\u001b[39m\n        \u001b[0m3. Objetivos Estratégicos\u001b[0m\n      \u001b[36m</h2>\u001b[39m\n      \u001b[36m<div\u001b[39m\n        \u001b[33mclass\u001b[39m=\u001b[32m\"p-4 bg-red-50 text-red-700 rounded border border-red-200 mb-4\"\u001b[39m\n      \u001b[36m>\u001b[39m\n        \u001b[0mAlgunos objetivos no se pudieron guardar. Revisa las filas con error.\u001b[0m\n      \u001b[36m</div>\u001b[39m\n      \u001b[36m<div\u001b[39m\n        \u001b[33mclass\u001b[39m=\u001b[32m\"space-y-8\"\u001b[39m\n      \u001b[36m>\u001b[39m\n        \u001b[36m<div\u001b[39m\n          \u001b[33mclass\u001b[39m=\u001b[32m\"border border-slate-200 rounded-lg overflow-hidden shadow-sm\"\u001b[39m\n        \u001b[36m>\u001b[39m\n          \u001b[36m<div\u001b[39m\n            \u001b[33mclass\u001b[39m=\u001b[32m\"bg-slate-100 p-4 border-b border-slate-200 flex justify-between items-center\"\u001b[39m\n          \u001b[36m>\u001b[39m\n            \u001b[36m<div>\u001b[39m\n              \u001b[36m<h4\u001b[39m\n                \u001b[33mclass\u001b[39m=\u001b[32m\"font-semibold text-slate-800\"\u001b[39m\n              \u001b[36m>\u001b[39m\n                \u001b[0mE1\u001b[0m\n                \u001b[0m - \u001b[0m\n                \u001b[0mEje Test\u001b[0m\n              \u001b[36m</h4>\u001b[39m\n              \u001b[36m<p\u001b[39m\n                \u001b[33mclass\u001b[39m=\u001b[32m\"text-xs font-medium text-amber-600 bg-amber-100 px-2 py-1 rounded mt-1 inline-block\"\u001b[39m\n              \u001b[36m>\u001b[39m\n                \u001b[0mSuma actual: \u001b[0m\n                \u001b[0m50\u001b[0m\n                \u001b[0m% (Debería ser 100%)\u001b[0m\n              \u001b[36m</p>\u001b[39m\n            \u001b[36m</div>\u001b[39m\n            \u001b[36m<button\u001b[39m\n              \u001b[33mclass\u001b[39m=\u001b[32m\"text-sm bg-white text-blue-600 px-3 py-1.5 rounded border border-blue-200 hover:bg-blue-50 font-medium\"\u001b[39m\n              \u001b[33mtype\u001b[39m=\u001b[32m\"button\"\u001b[39m\n            \u001b[36m>\u001b[39m\n              \u001b[0m+ Agregar Objetivo\u001b[0m\n            \u001b[36m</button>\u001b[39m\n          \u001b[36m</div>\u001b[39m\n          \u001b[36m<div\u001b[39m\n            \u001b[33mclass\u001b[39m=\u001b[32m\"p-0 bg-white\"\u001b[39m\n          \u001b[36m>\u001b[39m\n            \u001b[36m<table\u001b[39m\n              \u001b[33mclass\u001b[39m=\u001b[32m\"w-full text-left border-collapse\"\u001b[39m\n            \u001b[36m>\u001b[39m\n              \u001b[36m<thead>\u001b[39m\n                \u001b[36m<tr\u001b[39m\n                  \u001b[33mclass\u001b[39m=\u001b[32m\"border-b border-slate-200 bg-slate-50 text-xs text-slate-500 uppercase\"\u001b[39m\n                \u001b[36m>\u001b[39m\n                  \u001b[36m<th\u001b[39m\n                    \u001b[33mclass\u001b[39m=\u001b[32m\"p-3 font-medium w-32\"\u001b[39m\n                  \u001b[36m>\u001b[39m\n                    \u001b[0mCódigo\u001b[0m\n                  \u001b[36m</th>\u001b[39m\n                  \u001b[36m<th\u001b[39m\n                    \u001b[33mclass\u001b[39m=\u001b[32m\"p-3 font-medium\"\u001b[39m\n                  \u001b[36m>\u001b[39m\n                    \u001b[0mNombre del Objetivo\u001b[0m\n                  \u001b[36m</th>\u001b[39m\n                  \u001b[36m<th\u001b[39m\n                    \u001b[33mclass\u001b[39m=\u001b[32m\"p-3 font-medium w-24\"\u001b[39m\n                  \u001b[36m>\u001b[39m\n                    \u001b[0mPeso (%)\u001b[0m\n                  \u001b[36m</th>\u001b[39m\n                  \u001b[36m<th\u001b[39m\n                    \u001b[33mclass\u001b[39m=\u001b[32m\"p-3 font-medium w-24\"\u001b[39m\n                  \u001b[36m>\u001b[39m\n                    \u001b[0mEstado\u001b[0m\n                  \u001b[36m</th>\u001b[39m\n                  \u001b[36m<th\u001b[39m\n                    \u001b[33mclass\u001b[39m=\u001b[32m\"p-3 font-medium w-16 text-center\"\u001b[39m\n                  \u001b[36m>\u001b[39m\n                    \u001b[0mAcciones\u001b[0m\n                  \u001b[36m</th>\u001b[39m\n                \u001b[36m</tr>\u001b[39m\n              \u001b[36m</thead>\u001b[39m\n              \u001b[36m<tbody>\u001b[39m\n                \u001b[36m<tr\u001b[39m\n                  \u001b[33mclass\u001b[39m=\u001b[32m\"border-b border-slate-100 last:border-0 hover:bg-slate-50\"\u001b[39m\n                \u001b[36m>\u001b[39m\n                  \u001b[36m<td\u001b[39m\n                    \u001b[33mclass\u001b[39m=\u001b[32m\"p-2 align-top\"\u001b[39m\n                  \u001b[36m>\u001b[39m\n                    \u001b[36m<input\u001b[39m\n                      \u001b[33mclass\u001b[39m=\u001b[32m\"w-full p-2 border rounded text-sm border-slate-300\"\u001b[39m\n                      \u001b[33mplaceholder\u001b[39m=\u001b[32m\"Ej: O1\"\u001b[39m\n                      \u001b[33mvalue\u001b[39m=\u001b[32m\"O1\"\u001b[39m\n                    \u001b[36m/>\u001b[39m\n                  \u001b[36m</td>\u001b[39m\n                  \u001b[36m<td\u001b[39m\n                    \u001b[33mclass\u001b[39m=\u001b[32m\"p-2 align-top\"\u001b[39m\n                  \u001b[36m>\u001b[39m\n                    \u001b[36m<input\u001b[39m\n                      \u001b[33mclass\u001b[39m=\u001b[32m\"w-full p-2 border rounded text-sm border-slate-300\"\u001b[39m\n                      \u001b[33mplaceholder\u001b[39m=\u001b[32m\"Nombre completo del objetivo\"\u001b[39m\n                      \u001b[33mvalue\u001b[39m=\u001b[32m\"Obj\"\u001b[39m\n                    \u001b[36m/>\u001b[39m\n                  \u001b[36m</td>\u001b[39m\n                  \u001b[36m<td\u001b[39m\n                    \u001b[33mclass\u001b[39m=\u001b[32m\"p-2 align-top\"\u001b[39m\n                  \u001b[36m>\u001b[39m\n                    \u001b[36m<input\u001b[39m\n                      \u001b[33mclass\u001b[39m=\u001b[32m\"w-full p-2 border rounded text-sm border-slate-300\"\u001b[39m\n                      \u001b[33mstep\u001b[39m=\u001b[32m\"0.01\"\u001b[39m\n                      \u001b[33mtype\u001b[39m=\u001b[32m\"number\"\u001b[39m\n                      \u001b[33mvalue\u001b[39m=\u001b[32m\"50\"\u001b[39m\n                    \u001b[36m/>\u001b[39m\n                  \u001b[36m</td>\u001b[39m\n                  \u001b[36m<td\u001b[39m\n                    \u001b[33mclass\u001b[39m=\u001b[32m\"p-2 align-top\"\u001b[39m\n                  \u001b[36m/>\u001b[39m\n                  \u001b[36m<td\u001b[39m\n                    \u001b[33mclass\u001b[39m=\u001b[32m\"p-2 align-top text-center\"\u001b[39m\n                  \u001b[36m>\u001b[39m\n                    \u001b[36m<button\u001b[39m\n                      \u001b[33mclass\u001b[39m=\u001b[32m\"text-red-500 hover:bg-red-50 p-2 rounded transition-colors\"\u001b[39m\n                      \u001b[33mtitle\u001b[39m=\u001b[32m\"Eliminar fila\"\u001b[39m\n                      \u001b[33mtype\u001b[39m=\u001b[32m\"button\"\u001b[39m\n                    \u001b[36m>\u001b[39m\n                      \u001b[0m✖\u001b[0m\n                    \u001b[36m</button>\u001b[39m\n                  \u001b[36m</td>\u001b[39m\n                \u001b[36m</tr>\u001b[39m\n              \u001b[36m</tbody>\u001b[39m\n            \u001b[36m</table>\u001b[39m\n          \u001b[36m</div>\u001b[39m\n        \u001b[36m</div>\u001b[39m\n      \u001b[36m</div>\u001b[39m\n      \u001b[36m<div\u001b[39m\n        \u001b[33mclass\u001b[39m=\u001b[32m\"flex justify-between pt-6 border-t border-slate-200\"\u001b[39m\n      \u001b[36m>\u001b[39m\n        \u001b[36m<button\u001b[39m\n          \u001b[33mclass\u001b[39m=\u001b[32m\"bg-white border border-slate-300 text-slate-700 px-6 py-2 rounded font-medium hover:bg-slate-50\"\u001b[39m\n          \u001b[33mtype\u001b[39m=\u001b[32m\"button\"\u001b[39m\n        \u001b[36m>\u001b[39m\n          \u001b[0mAtrás\u001b[0m\n        \u001b[36m</button>\u001b[39m\n        \u001b[36m<button\u001b[39m\n          \u001b[33mclass\u001b[39m=\u001b[32m\"bg-blue-600 text-white px-6 py-2 rounded font-medium hover:bg-blue-700 focus:ring-4 focus:ring-blue-100\"\u001b[39m\n          \u001b[33mtype\u001b[39m=\u001b[32m\"submit\"\u001b[39m\n        \u001b[36m>\u001b[39m\n          \u001b[0mGuardar y Continuar\u001b[0m\n        \u001b[36m</button>\u001b[39m\n      \u001b[36m</div>\u001b[39m\n    \u001b[36m</form>\u001b[39m\n  \u001b[36m</div>\u001b[39m\n\u001b[36m</body>\u001b[39m\n    at Object.getElementError (C:\\Users\\jesus\\.gemini\\antigravity\\scratch\\cruz_roja_pei\\node_modules\\@testing-library\\dom\\dist\\config.js:37:19)\n    at C:\\Users\\jesus\\.gemini\\antigravity\\scratch\\cruz_roja_pei\\node_modules\\@testing-library\\dom\\dist\\query-helpers.js:76:38\n    at C:\\Users\\jesus\\.gemini\\antigravity\\scratch\\cruz_roja_pei\\node_modules\\@testing-library\\dom\\dist\\query-helpers.js:52:17\n    at C:\\Users\\jesus\\.gemini\\antigravity\\scratch\\cruz_roja_pei\\node_modules\\@testing-library\\dom\\dist\\query-helpers.js:95:19\n    at Object.getByText (C:\\Users\\jesus\\.gemini\\antigravity\\scratch\\cruz_roja_pei\\__tests__\\components\\admin\\pei\\steps\\ObjetivosStep-real.test.tsx:124:19)"],"fullName":"7. PRUEBA DE COMPONENTE QUE REPRODUZCA EL ERROR Casos obligatorios 11 a 16: Errores de red bloquean onNext","invocations":1,"location":null,"numPassingAsserts":3,"retryReasons":[],"startAt":1784913180506,"status":"failed","title":"Casos obligatorios 11 a 16: Errores de red bloquean onNext"},{"ancestorTitles":["7. PRUEBA DE COMPONENTE QUE REPRODUZCA EL ERROR"],"duration":33,"failing":false,"failureDetails":[],"failureMessages":[],"fullName":"7. PRUEBA DE COMPONENTE QUE REPRODUZCA EL ERROR 18, 19. Filas persistidas sin cambios no envian solicitud y permiten navegar","invocations":1,"location":null,"numPassingAsserts":3,"retryReasons":[],"startAt":1784913180586,"status":"passed","title":"18, 19. Filas persistidas sin cambios no envian solicitud y permiten navegar"}],"endTime":1784913180634,"message":"  ● 7. PRUEBA DE COMPONENTE QUE REPRODUZCA EL ERROR › Casos obligatorios 11 a 16: Errores de red bloquean onNext\n\n    TestingLibraryElementError: Unable to find an element with the text: Error. This could be because the text is broken up by multiple elements. In this case, you can provide a function for your text matcher to make your matcher more flexible.\n\n    Ignored nodes: comments, script, style\n    \u001b[36m<body>\u001b[39m\n      \u001b[36m<div>\u001b[39m\n        \u001b[36m<form\u001b[39m\n          \u001b[33mclass\u001b[39m=\u001b[32m\"space-y-6\"\u001b[39m\n        \u001b[36m>\u001b[39m\n          \u001b[36m<h2\u001b[39m\n            \u001b[33mclass\u001b[39m=\u001b[32m\"text-xl font-semibold text-slate-800 mb-4\"\u001b[39m\n          \u001b[36m>\u001b[39m\n            \u001b[0m3. Objetivos Estratégicos\u001b[0m\n          \u001b[36m</h2>\u001b[39m\n          \u001b[36m<div\u001b[39m\n            \u001b[33mclass\u001b[39m=\u001b[32m\"p-4 bg-red-50 text-red-700 rounded border border-red-200 mb-4\"\u001b[39m\n          \u001b[36m>\u001b[39m\n            \u001b[0mAlgunos objetivos no se pudieron guardar. Revisa las filas con error.\u001b[0m\n          \u001b[36m</div>\u001b[39m\n          \u001b[36m<div\u001b[39m\n            \u001b[33mclass\u001b[39m=\u001b[32m\"space-y-8\"\u001b[39m\n          \u001b[36m>\u001b[39m\n            \u001b[36m<div\u001b[39m\n              \u001b[33mclass\u001b[39m=\u001b[32m\"border border-slate-200 rounded-lg overflow-hidden shadow-sm\"\u001b[39m\n            \u001b[36m>\u001b[39m\n              \u001b[36m<div\u001b[39m\n                \u001b[33mclass\u001b[39m=\u001b[32m\"bg-slate-100 p-4 border-b border-slate-200 flex justify-between items-center\"\u001b[39m\n              \u001b[36m>\u001b[39m\n                \u001b[36m<div>\u001b[39m\n                  \u001b[36m<h4\u001b[39m\n                    \u001b[33mclass\u001b[39m=\u001b[32m\"font-semibold text-slate-800\"\u001b[39m\n                  \u001b[36m>\u001b[39m\n                    \u001b[0mE1\u001b[0m\n                    \u001b[0m - \u001b[0m\n                    \u001b[0mEje Test\u001b[0m\n                  \u001b[36m</h4>\u001b[39m\n                  \u001b[36m<p\u001b[39m\n                    \u001b[33mclass\u001b[39m=\u001b[32m\"text-xs font-medium text-amber-600 bg-amber-100 px-2 py-1 rounded mt-1 inline-block\"\u001b[39m\n                  \u001b[36m>\u001b[39m\n                    \u001b[0mSuma actual: \u001b[0m\n                    \u001b[0m50\u001b[0m\n                    \u001b[0m% (Debería ser 100%)\u001b[0m\n                  \u001b[36m</p>\u001b[39m\n                \u001b[36m</div>\u001b[39m\n                \u001b[36m<button\u001b[39m\n                  \u001b[33mclass\u001b[39m=\u001b[32m\"text-sm bg-white text-blue-600 px-3 py-1.5 rounded border border-blue-200 hover:bg-blue-50 font-medium\"\u001b[39m\n                  \u001b[33mtype\u001b[39m=\u001b[32m\"button\"\u001b[39m\n                \u001b[36m>\u001b[39m\n                  \u001b[0m+ Agregar Objetivo\u001b[0m\n                \u001b[36m</button>\u001b[39m\n              \u001b[36m</div>\u001b[39m\n              \u001b[36m<div\u001b[39m\n                \u001b[33mclass\u001b[39m=\u001b[32m\"p-0 bg-white\"\u001b[39m\n              \u001b[36m>\u001b[39m\n                \u001b[36m<table\u001b[39m\n                  \u001b[33mclass\u001b[39m=\u001b[32m\"w-full text-left border-collapse\"\u001b[39m\n                \u001b[36m>\u001b[39m\n                  \u001b[36m<thead>\u001b[39m\n                    \u001b[36m<tr\u001b[39m\n                      \u001b[33mclass\u001b[39m=\u001b[32m\"border-b border-slate-200 bg-slate-50 text-xs text-slate-500 uppercase\"\u001b[39m\n                    \u001b[36m>\u001b[39m\n                      \u001b[36m<th\u001b[39m\n                        \u001b[33mclass\u001b[39m=\u001b[32m\"p-3 font-medium w-32\"\u001b[39m\n                      \u001b[36m>\u001b[39m\n                        \u001b[0mCódigo\u001b[0m\n                      \u001b[36m</th>\u001b[39m\n                      \u001b[36m<th\u001b[39m\n                        \u001b[33mclass\u001b[39m=\u001b[32m\"p-3 font-medium\"\u001b[39m\n                      \u001b[36m>\u001b[39m\n                        \u001b[0mNombre del Objetivo\u001b[0m\n                      \u001b[36m</th>\u001b[39m\n                      \u001b[36m<th\u001b[39m\n                        \u001b[33mclass\u001b[39m=\u001b[32m\"p-3 font-medium w-24\"\u001b[39m\n                      \u001b[36m>\u001b[39m\n                        \u001b[0mPeso (%)\u001b[0m\n                      \u001b[36m</th>\u001b[39m\n                      \u001b[36m<th\u001b[39m\n                        \u001b[33mclass\u001b[39m=\u001b[32m\"p-3 font-medium w-24\"\u001b[39m\n                      \u001b[36m>\u001b[39m\n                        \u001b[0mEstado\u001b[0m\n                      \u001b[36m</th>\u001b[39m\n                      \u001b[36m<th\u001b[39m\n                        \u001b[33mclass\u001b[39m=\u001b[32m\"p-3 font-medium w-16 text-center\"\u001b[39m\n                      \u001b[36m>\u001b[39m\n                        \u001b[0mAcciones\u001b[0m\n                      \u001b[36m</th>\u001b[39m\n                    \u001b[36m</tr>\u001b[39m\n                  \u001b[36m</thead>\u001b[39m\n                  \u001b[36m<tbody>\u001b[39m\n                    \u001b[36m<tr\u001b[39m\n                      \u001b[33mclass\u001b[39m=\u001b[32m\"border-b border-slate-100 last:border-0 hover:bg-slate-50\"\u001b[39m\n                    \u001b[36m>\u001b[39m\n                      \u001b[36m<td\u001b[39m\n                        \u001b[33mclass\u001b[39m=\u001b[32m\"p-2 align-top\"\u001b[39m\n                      \u001b[36m>\u001b[39m\n                        \u001b[36m<input\u001b[39m\n                          \u001b[33mclass\u001b[39m=\u001b[32m\"w-full p-2 border rounded text-sm border-slate-300\"\u001b[39m\n                          \u001b[33mplaceholder\u001b[39m=\u001b[32m\"Ej: O1\"\u001b[39m\n                          \u001b[33mvalue\u001b[39m=\u001b[32m\"O1\"\u001b[39m\n                        \u001b[36m/>\u001b[39m\n                      \u001b[36m</td>\u001b[39m\n                      \u001b[36m<td\u001b[39m\n                        \u001b[33mclass\u001b[39m=\u001b[32m\"p-2 align-top\"\u001b[39m\n                      \u001b[36m>\u001b[39m\n                        \u001b[36m<input\u001b[39m\n                          \u001b[33mclass\u001b[39m=\u001b[32m\"w-full p-2 border rounded text-sm border-slate-300\"\u001b[39m\n                          \u001b[33mplaceholder\u001b[39m=\u001b[32m\"Nombre completo del objetivo\"\u001b[39m\n                          \u001b[33mvalue\u001b[39m=\u001b[32m\"Obj\"\u001b[39m\n                        \u001b[36m/>\u001b[39m\n                      \u001b[36m</td>\u001b[39m\n                      \u001b[36m<td\u001b[39m\n                        \u001b[33mclass\u001b[39m=\u001b[32m\"p-2 align-top\"\u001b[39m\n                      \u001b[36m>\u001b[39m\n                        \u001b[36m<input\u001b[39m\n                          \u001b[33mclass\u001b[39m=\u001b[32m\"w-full p-2 border rounded text-sm border-slate-300\"\u001b[39m\n                          \u001b[33mstep\u001b[39m=\u001b[32m\"0.01\"\u001b[39m\n                          \u001b[33mtype\u001b[39m=\u001b[32m\"number\"\u001b[39m\n                          \u001b[33mvalue\u001b[39m=\u001b[32m\"50\"\u001b[39m\n                        \u001b[36m/>\u001b[39m\n                      \u001b[36m</td>\u001b[39m\n                      \u001b[36m<td\u001b[39m\n                        \u001b[33mclass\u001b[39m=\u001b[32m\"p-2 align-top\"\u001b[39m\n                      \u001b[36m/>\u001b[39m\n                      \u001b[36m<td\u001b[39m\n                        \u001b[33mclass\u001b[39m=\u001b[32m\"p-2 align-top text-center\"\u001b[39m\n                      \u001b[36m>\u001b[39m\n                        \u001b[36m<button\u001b[39m\n                          \u001b[33mclass\u001b[39m=\u001b[32m\"text-red-500 hover:bg-red-50 p-2 rounded transition-colors\"\u001b[39m\n                          \u001b[33mtitle\u001b[39m=\u001b[32m\"Eliminar fila\"\u001b[39m\n                          \u001b[33mtype\u001b[39m=\u001b[32m\"button\"\u001b[39m\n                        \u001b[36m>\u001b[39m\n                          \u001b[0m✖\u001b[0m\n                        \u001b[36m</button>\u001b[39m\n                      \u001b[36m</td>\u001b[39m\n                    \u001b[36m</tr>\u001b[39m\n                  \u001b[36m</tbody>\u001b[39m\n                \u001b[36m</table>\u001b[39m\n              \u001b[36m</div>\u001b[39m\n            \u001b[36m</div>\u001b[39m\n          \u001b[36m</div>\u001b[39m\n          \u001b[36m<div\u001b[39m\n            \u001b[33mclass\u001b[39m=\u001b[32m\"flex justify-between pt-6 border-t border-slate-200\"\u001b[39m\n          \u001b[36m>\u001b[39m\n            \u001b[36m<button\u001b[39m\n              \u001b[33mclass\u001b[39m=\u001b[32m\"bg-white border border-slate-300 text-slate-700 px-6 py-2 rounded font-medium hover:bg-slate-50\"\u001b[39m\n              \u001b[33mtype\u001b[39m=\u001b[32m\"button\"\u001b[39m\n            \u001b[36m>\u001b[39m\n              \u001b[0mAtrás\u001b[0m\n            \u001b[36m</button>\u001b[39m\n            \u001b[36m<button\u001b[39m\n              \u001b[33mclass\u001b[39m=\u001b[32m\"bg-blue-600 text-white px-6 py-2 rounded font-medium hover:bg-blue-700 focus:ring-4 focus:ring-blue-100\"\u001b[39m\n              \u001b[33mtype\u001b[39m=\u001b[32m\"submit\"\u001b[39m\n            \u001b[36m>\u001b[39m\n              \u001b[0mGuardar y Continuar\u001b[0m\n            \u001b[36m</button>\u001b[39m\n          \u001b[36m</div>\u001b[39m\n        \u001b[36m</form>\u001b[39m\n      \u001b[36m</div>\u001b[39m\n    \u001b[36m</body>\u001b[39m\n\n    \u001b[0m \u001b[90m 122 |\u001b[39m     \u001b[90m// 16. Los valores permanecen ante el error\u001b[39m\n     \u001b[90m 123 |\u001b[39m     expect(screen\u001b[33m.\u001b[39mgetByDisplayValue(\u001b[32m'O1'\u001b[39m))\u001b[33m.\u001b[39mtoBeInTheDocument()\u001b[33m;\u001b[39m\n    \u001b[31m\u001b[1m>\u001b[22m\u001b[39m\u001b[90m 124 |\u001b[39m     expect(screen\u001b[33m.\u001b[39mgetByText(\u001b[32m'Error'\u001b[39m))\u001b[33m.\u001b[39mtoBeInTheDocument()\u001b[33m;\u001b[39m\n     \u001b[90m     |\u001b[39m                   \u001b[31m\u001b[1m^\u001b[22m\u001b[39m\n     \u001b[90m 125 |\u001b[39m     expect(screen\u001b[33m.\u001b[39mgetByText(\u001b[32m'Error 422 Validacion'\u001b[39m))\u001b[33m.\u001b[39mtoBeInTheDocument()\u001b[33m;\u001b[39m\n     \u001b[90m 126 |\u001b[39m   })\u001b[33m;\u001b[39m\n     \u001b[90m 127 |\u001b[39m\u001b[0m\n\n      at Object.getElementError (node_modules/@testing-library/dom/dist/config.js:37:19)\n      at node_modules/@testing-library/dom/dist/query-helpers.js:76:38\n      at node_modules/@testing-library/dom/dist/query-helpers.js:52:17\n      at node_modules/@testing-library/dom/dist/query-helpers.js:95:19\n      at Object.getByText (__tests__/components/admin/pei/steps/ObjetivosStep-real.test.tsx:124:19)\n","name":"C:\\Users\\jesus\\.gemini\\antigravity\\scratch\\cruz_roja_pei\\__tests__\\components\\admin\\pei\\steps\\ObjetivosStep-real.test.tsx","startTime":1784913179807,"status":"failed","summary":""},{"assertionResults":[{"ancestorTitles":["Arquitectura de Persistencia PEI (Anti-Regresión)"],"duration":24,"failing":false,"failureDetails":[],"failureMessages":[],"fullName":"Arquitectura de Persistencia PEI (Anti-Regresión) debe cumplir el contrato de persistencia en EjesStep.tsx","invocations":1,"location":null,"numPassingAsserts":1,"retryReasons":[],"startAt":1784913180999,"status":"passed","title":"debe cumplir el contrato de persistencia en EjesStep.tsx"},{"ancestorTitles":["Arquitectura de Persistencia PEI (Anti-Regresión)"],"duration":11,"failing":false,"failureDetails":[],"failureMessages":[],"fullName":"Arquitectura de Persistencia PEI (Anti-Regresión) debe cumplir el contrato de persistencia en ObjetivosStep.tsx","invocations":1,"location":null,"numPassingAsserts":1,"retryReasons":[],"startAt":1784913181024,"status":"passed","title":"debe cumplir el contrato de persistencia en ObjetivosStep.tsx"},{"ancestorTitles":["Arquitectura de Persistencia PEI (Anti-Regresión)"],"duration":7,"failing":false,"failureDetails":[],"failureMessages":[],"fullName":"Arquitectura de Persistencia PEI (Anti-Regresión) debe cumplir el contrato de persistencia en ResultadosStep.tsx","invocations":1,"location":null,"numPassingAsserts":1,"retryReasons":[],"startAt":1784913181035,"status":"passed","title":"debe cumplir el contrato de persistencia en ResultadosStep.tsx"},{"ancestorTitles":["Arquitectura de Persistencia PEI (Anti-Regresión)"],"duration":5,"failing":false,"failureDetails":[],"failureMessages":[],"fullName":"Arquitectura de Persistencia PEI (Anti-Regresión) debe cumplir el contrato de persistencia en IndicadoresStep.tsx","invocations":1,"location":null,"numPassingAsserts":1,"retryReasons":[],"startAt":1784913181043,"status":"passed","title":"debe cumplir el contrato de persistencia en IndicadoresStep.tsx"},{"ancestorTitles":["Arquitectura de Persistencia PEI (Anti-Regresión)"],"duration":3,"failing":false,"failureDetails":[],"failureMessages":[],"fullName":"Arquitectura de Persistencia PEI (Anti-Regresión) debe cumplir el contrato de persistencia en MetasStep.tsx","invocations":1,"location":null,"numPassingAsserts":1,"retryReasons":[],"startAt":1784913181048,"status":"passed","title":"debe cumplir el contrato de persistencia en MetasStep.tsx"},{"ancestorTitles":["Arquitectura de Persistencia PEI (Anti-Regresión)"],"duration":3,"failing":false,"failureDetails":[],"failureMessages":[],"fullName":"Arquitectura de Persistencia PEI (Anti-Regresión) debe cumplir el contrato de persistencia en ValidacionStep.tsx","invocations":1,"location":null,"numPassingAsserts":1,"retryReasons":[],"startAt":1784913181051,"status":"passed","title":"debe cumplir el contrato de persistencia en ValidacionStep.tsx"},{"ancestorTitles":["Arquitectura de Persistencia PEI (Anti-Regresión)"],"duration":2,"failing":false,"failureDetails":[],"failureMessages":[],"fullName":"Arquitectura de Persistencia PEI (Anti-Regresión) debe cumplir el contrato de persistencia en ActivacionStep.tsx","invocations":1,"location":null,"numPassingAsserts":1,"retryReasons":[],"startAt":1784913181054,"status":"passed","title":"debe cumplir el contrato de persistencia en ActivacionStep.tsx"},{"ancestorTitles":["Arquitectura de Persistencia PEI (Anti-Regresión)"],"duration":3,"failing":false,"failureDetails":[],"failureMessages":[],"fullName":"Arquitectura de Persistencia PEI (Anti-Regresión) DatosGeneralesStep tiene permiso exclusivo para mutar el PEI global","invocations":1,"location":null,"numPassingAsserts":1,"retryReasons":[],"startAt":1784913181056,"status":"passed","title":"DatosGeneralesStep tiene permiso exclusivo para mutar el PEI global"}],"endTime":1784913181060,"message":"","name":"C:\\Users\\jesus\\.gemini\\antigravity\\scratch\\cruz_roja_pei\\__tests__\\architecture\\pei-persistence-contract.test.ts","startTime":1784913180648,"status":"passed","summary":""},{"assertionResults":[{"ancestorTitles":["PEI Datos Generales API Tests"],"duration":6,"failing":false,"failureDetails":[],"failureMessages":[],"fullName":"PEI Datos Generales API Tests POST crea PEI con datos mínimos válidos y devuelve 201 con estado BORRADOR, activo false y periodo","invocations":1,"location":null,"numPassingAsserts":5,"retryReasons":[],"startAt":1784913181369,"status":"passed","title":"POST crea PEI con datos mínimos válidos y devuelve 201 con estado BORRADOR, activo false y periodo"},{"ancestorTitles":["PEI Datos Generales API Tests"],"duration":1,"failing":false,"failureDetails":[],"failureMessages":[],"fullName":"PEI Datos Generales API Tests Los años string se normalizan correctamente o se rechazan según DTO","invocations":1,"location":null,"numPassingAsserts":1,"retryReasons":[],"startAt":1784913181375,"status":"passed","title":"Los años string se normalizan correctamente o se rechazan según DTO"},{"ancestorTitles":["PEI Datos Generales API Tests"],"duration":1,"failing":false,"failureDetails":[],"failureMessages":[],"fullName":"PEI Datos Generales API Tests Año inicial mayor que final se rechaza","invocations":1,"location":null,"numPassingAsserts":1,"retryReasons":[],"startAt":1784913181376,"status":"passed","title":"Año inicial mayor que final se rechaza"},{"ancestorTitles":["PEI Datos Generales API Tests"],"duration":1,"failing":false,"failureDetails":[],"failureMessages":[],"fullName":"PEI Datos Generales API Tests Nombre vacío se rechaza","invocations":1,"location":null,"numPassingAsserts":1,"retryReasons":[],"startAt":1784913181377,"status":"passed","title":"Nombre vacío se rechaza"},{"ancestorTitles":["PEI Datos Generales API Tests"],"duration":0,"failing":false,"failureDetails":[],"failureMessages":[],"fullName":"PEI Datos Generales API Tests Fecha vacía o inválida se maneja según DTO","invocations":1,"location":null,"numPassingAsserts":1,"retryReasons":[],"startAt":1784913181378,"status":"passed","title":"Fecha vacía o inválida se maneja según DTO"},{"ancestorTitles":["PEI Datos Generales API Tests"],"duration":2,"failing":false,"failureDetails":[],"failureMessages":[],"fullName":"PEI Datos Generales API Tests Período duplicado devuelve 409 o 422","invocations":1,"location":null,"numPassingAsserts":1,"retryReasons":[],"startAt":1784913181378,"status":"passed","title":"Período duplicado devuelve 409 o 422"},{"ancestorTitles":["PEI Datos Generales API Tests"],"duration":1,"failing":false,"failureDetails":[],"failureMessages":[],"fullName":"PEI Datos Generales API Tests POST no acepta estado ACTIVO ni activo=true del cliente (los sobreescribe)","invocations":1,"location":null,"numPassingAsserts":2,"retryReasons":[],"startAt":1784913181380,"status":"passed","title":"POST no acepta estado ACTIVO ni activo=true del cliente (los sobreescribe)"},{"ancestorTitles":["PEI Datos Generales API Tests"],"duration":20,"failing":false,"failureDetails":[],"failureMessages":[],"fullName":"PEI Datos Generales API Tests PATCH actualiza campos permitidos y PATCH estado=ACTIVO rechazado","invocations":1,"location":null,"numPassingAsserts":1,"retryReasons":[],"startAt":1784913181382,"status":"passed","title":"PATCH actualiza campos permitidos y PATCH estado=ACTIVO rechazado"},{"ancestorTitles":["PEI Datos Generales API Tests"],"duration":1,"failing":false,"failureDetails":[],"failureMessages":[],"fullName":"PEI Datos Generales API Tests Error 422 contiene fields estructurados","invocations":1,"location":null,"numPassingAsserts":4,"retryReasons":[],"startAt":1784913181402,"status":"passed","title":"Error 422 contiene fields estructurados"},{"ancestorTitles":["PEI Datos Generales API Tests"],"duration":4,"failing":false,"failureDetails":[],"failureMessages":[],"fullName":"PEI Datos Generales API Tests Sin sesión devuelve 401","invocations":1,"location":null,"numPassingAsserts":1,"retryReasons":[],"startAt":1784913181403,"status":"passed","title":"Sin sesión devuelve 401"},{"ancestorTitles":["PEI Datos Generales API Tests"],"duration":1,"failing":false,"failureDetails":[],"failureMessages":[],"fullName":"PEI Datos Generales API Tests Sin rol devuelve 403","invocations":1,"location":null,"numPassingAsserts":1,"retryReasons":[],"startAt":1784913181407,"status":"passed","title":"Sin rol devuelve 403"}],"endTime":1784913181409,"message":"","name":"C:\\Users\\jesus\\.gemini\\antigravity\\scratch\\cruz_roja_pei\\__tests__\\api\\admin\\pei\\pei.test.ts","startTime":1784913181067,"status":"passed","summary":""},{"assertionResults":[{"ancestorTitles":["Dashboard Component Empty State"],"duration":36,"failing":false,"failureDetails":[],"failureMessages":[],"fullName":"Dashboard Component Empty State 6. Estado vacío no presenta 0% ni semáforo rojo","invocations":1,"location":null,"numPassingAsserts":3,"retryReasons":[],"startAt":1784913181619,"status":"passed","title":"6. Estado vacío no presenta 0% ni semáforo rojo"},{"ancestorTitles":["Dashboard Component Empty State"],"duration":29,"failing":false,"failureDetails":[],"failureMessages":[],"fullName":"Dashboard Component Empty State 7. Usuario PLANIFICACION ve el botón Configurar PEI","invocations":1,"location":null,"numPassingAsserts":2,"retryReasons":[],"startAt":1784913181655,"status":"passed","title":"7. Usuario PLANIFICACION ve el botón Configurar PEI"},{"ancestorTitles":["Dashboard Component Empty State"],"duration":31,"failing":false,"failureDetails":[],"failureMessages":[],"fullName":"Dashboard Component Empty State 8. Usuario no autorizado no ve ni puede utilizar la acción administrativa","invocations":1,"location":null,"numPassingAsserts":2,"retryReasons":[],"startAt":1784913181685,"status":"passed","title":"8. Usuario no autorizado no ve ni puede utilizar la acción administrativa"}],"endTime":1784913181717,"message":"","name":"C:\\Users\\jesus\\.gemini\\antigravity\\scratch\\cruz_roja_pei\\__tests__\\components\\DashboardEmptyState.test.tsx","startTime":1784913181433,"status":"passed","summary":""},{"assertionResults":[{"ancestorTitles":["Navegación PEI sin Mutaciones"],"duration":44,"failing":false,"failureDetails":[],"failureMessages":[],"fullName":"Navegación PEI sin Mutaciones permite navegar entre etapas sin ejecutar mutaciones (POST/PATCH)","invocations":1,"location":null,"numPassingAsserts":1,"retryReasons":[],"startAt":1784913181919,"status":"passed","title":"permite navegar entre etapas sin ejecutar mutaciones (POST/PATCH)"}],"endTime":1784913181964,"message":"","name":"C:\\Users\\jesus\\.gemini\\antigravity\\scratch\\cruz_roja_pei\\__tests__\\architecture\\pei-navigation.test.tsx","startTime":1784913181726,"status":"passed","summary":""},{"assertionResults":[{"ancestorTitles":["PRUEBA_UNITARIA_DE_RUTA - POST /api/admin/pei/ejes/[ejeId]/objetivos"],"duration":4,"failing":false,"failureDetails":[],"failureMessages":[],"fullName":"PRUEBA_UNITARIA_DE_RUTA - POST /api/admin/pei/ejes/[ejeId]/objetivos Llama a createObjetivo exitosamente devolviendo HTTP 201 y saved=true","invocations":1,"location":null,"numPassingAsserts":4,"retryReasons":[],"startAt":1784913182177,"status":"passed","title":"Llama a createObjetivo exitosamente devolviendo HTTP 201 y saved=true"},{"ancestorTitles":["PRUEBA_UNITARIA_DE_RUTA - POST /api/admin/pei/ejes/[ejeId]/objetivos"],"duration":1,"failing":false,"failureDetails":[],"failureMessages":[],"fullName":"PRUEBA_UNITARIA_DE_RUTA - POST /api/admin/pei/ejes/[ejeId]/objetivos Bloquea petición sin sesión con HTTP 401","invocations":1,"location":null,"numPassingAsserts":1,"retryReasons":[],"startAt":1784913182182,"status":"passed","title":"Bloquea petición sin sesión con HTTP 401"},{"ancestorTitles":["PRUEBA_UNITARIA_DE_RUTA - POST /api/admin/pei/ejes/[ejeId]/objetivos"],"duration":1,"failing":false,"failureDetails":[],"failureMessages":[],"fullName":"PRUEBA_UNITARIA_DE_RUTA - POST /api/admin/pei/ejes/[ejeId]/objetivos Devuelve 422 si el body es inválido","invocations":1,"location":null,"numPassingAsserts":1,"retryReasons":[],"startAt":1784913182183,"status":"passed","title":"Devuelve 422 si el body es inválido"}],"endTime":1784913182184,"message":"","name":"C:\\Users\\jesus\\.gemini\\antigravity\\scratch\\cruz_roja_pei\\__tests__\\api\\admin\\pei\\objetivos-persistencia.test.ts","startTime":1784913181969,"status":"passed","summary":""},{"assertionResults":[{"ancestorTitles":["Sidebar Component"],"duration":16,"failing":false,"failureDetails":[],"failureMessages":[],"fullName":"Sidebar Component 1. Sidebar muestra el nombre proveniente de la sesión","invocations":1,"location":null,"numPassingAsserts":1,"retryReasons":[],"startAt":1784913182379,"status":"passed","title":"1. Sidebar muestra el nombre proveniente de la sesión"},{"ancestorTitles":["Sidebar Component"],"duration":10,"failing":false,"failureDetails":[],"failureMessages":[],"fullName":"Sidebar Component 2. Sidebar muestra rol PLANIFICACION desde la sesión","invocations":1,"location":null,"numPassingAsserts":1,"retryReasons":[],"startAt":1784913182395,"status":"passed","title":"2. Sidebar muestra rol PLANIFICACION desde la sesión"},{"ancestorTitles":["Sidebar Component"],"duration":8,"failing":false,"failureDetails":[],"failureMessages":[],"fullName":"Sidebar Component 3. Sidebar no muestra \"Juan Director\"","invocations":1,"location":null,"numPassingAsserts":1,"retryReasons":[],"startAt":1784913182405,"status":"passed","title":"3. Sidebar no muestra \"Juan Director\""}],"endTime":1784913182414,"message":"","name":"C:\\Users\\jesus\\.gemini\\antigravity\\scratch\\cruz_roja_pei\\__tests__\\components\\Sidebar.test.tsx","startTime":1784913182204,"status":"passed","summary":""},{"assertionResults":[{"ancestorTitles":["Objetivos API","POST /api/admin/pei/ejes/[id]/objetivos"],"duration":2,"failing":false,"failureDetails":[],"failureMessages":[],"fullName":"Objetivos API POST /api/admin/pei/ejes/[id]/objetivos returns 404 if axis does not exist","invocations":1,"location":null,"numPassingAsserts":1,"retryReasons":[],"startAt":1784913182617,"status":"passed","title":"returns 404 if axis does not exist"},{"ancestorTitles":["Objetivos API","POST /api/admin/pei/ejes/[id]/objetivos"],"duration":1,"failing":false,"failureDetails":[],"failureMessages":[],"fullName":"Objetivos API POST /api/admin/pei/ejes/[id]/objetivos returns 403 if PEI is active","invocations":1,"location":null,"numPassingAsserts":1,"retryReasons":[],"startAt":1784913182619,"status":"passed","title":"returns 403 if PEI is active"},{"ancestorTitles":["Objetivos API","POST /api/admin/pei/ejes/[id]/objetivos"],"duration":14,"failing":false,"failureDetails":[],"failureMessages":[],"fullName":"Objetivos API POST /api/admin/pei/ejes/[id]/objetivos creates objective and returns warnings if weight < 100","invocations":1,"location":null,"numPassingAsserts":4,"retryReasons":[],"startAt":1784913182620,"status":"passed","title":"creates objective and returns warnings if weight < 100"},{"ancestorTitles":["Objetivos API","PATCH /api/admin/pei/objetivos/[id]"],"duration":0,"failing":false,"failureDetails":[],"failureMessages":[],"fullName":"Objetivos API PATCH /api/admin/pei/objetivos/[id] returns 404 if objective does not exist","invocations":1,"location":null,"numPassingAsserts":1,"retryReasons":[],"startAt":1784913182635,"status":"passed","title":"returns 404 if objective does not exist"},{"ancestorTitles":["Objetivos API","PATCH /api/admin/pei/objetivos/[id]"],"duration":1,"failing":false,"failureDetails":[],"failureMessages":[],"fullName":"Objetivos API PATCH /api/admin/pei/objetivos/[id] updates objective and returns no warnings if weight is 100","invocations":1,"location":null,"numPassingAsserts":3,"retryReasons":[],"startAt":1784913182636,"status":"passed","title":"updates objective and returns no warnings if weight is 100"}],"endTime":1784913182638,"message":"","name":"C:\\Users\\jesus\\.gemini\\antigravity\\scratch\\cruz_roja_pei\\__tests__\\api\\admin\\pei\\objetivos.test.ts","startTime":1784913182419,"status":"passed","summary":""},{"assertionResults":[{"ancestorTitles":["2. COMPLETAR SEGURIDAD FUNCIONAL"],"duration":1,"failing":false,"failureDetails":[],"failureMessages":[],"fullName":"2. COMPLETAR SEGURIDAD FUNCIONAL sin sesión: 401","invocations":1,"location":null,"numPassingAsserts":1,"retryReasons":[],"startAt":1784913182827,"status":"passed","title":"sin sesión: 401"},{"ancestorTitles":["2. COMPLETAR SEGURIDAD FUNCIONAL"],"duration":1,"failing":false,"failureDetails":[],"failureMessages":[],"fullName":"2. COMPLETAR SEGURIDAD FUNCIONAL sesión sin oid: rechazo","invocations":1,"location":null,"numPassingAsserts":1,"retryReasons":[],"startAt":1784913182828,"status":"passed","title":"sesión sin oid: rechazo"},{"ancestorTitles":["2. COMPLETAR SEGURIDAD FUNCIONAL"],"duration":0,"failing":false,"failureDetails":[],"failureMessages":[],"fullName":"2. COMPLETAR SEGURIDAD FUNCIONAL sesión sin tid: rechazo","invocations":1,"location":null,"numPassingAsserts":1,"retryReasons":[],"startAt":1784913182829,"status":"passed","title":"sesión sin tid: rechazo"},{"ancestorTitles":["2. COMPLETAR SEGURIDAD FUNCIONAL"],"duration":1,"failing":false,"failureDetails":[],"failureMessages":[],"fullName":"2. COMPLETAR SEGURIDAD FUNCIONAL tenant incorrecto: rechazo","invocations":1,"location":null,"numPassingAsserts":1,"retryReasons":[],"startAt":1784913182829,"status":"passed","title":"tenant incorrecto: rechazo"},{"ancestorTitles":["2. COMPLETAR SEGURIDAD FUNCIONAL"],"duration":0,"failing":false,"failureDetails":[],"failureMessages":[],"fullName":"2. COMPLETAR SEGURIDAD FUNCIONAL usuario inexistente: rechazo","invocations":1,"location":null,"numPassingAsserts":1,"retryReasons":[],"startAt":1784913182830,"status":"passed","title":"usuario inexistente: rechazo"},{"ancestorTitles":["2. COMPLETAR SEGURIDAD FUNCIONAL"],"duration":0,"failing":false,"failureDetails":[],"failureMessages":[],"fullName":"2. COMPLETAR SEGURIDAD FUNCIONAL usuario inactivo: rechazo","invocations":1,"location":null,"numPassingAsserts":1,"retryReasons":[],"startAt":1784913182830,"status":"passed","title":"usuario inactivo: rechazo"},{"ancestorTitles":["2. COMPLETAR SEGURIDAD FUNCIONAL"],"duration":0,"failing":false,"failureDetails":[],"failureMessages":[],"fullName":"2. COMPLETAR SEGURIDAD FUNCIONAL rol no autorizado: rechazo","invocations":1,"location":null,"numPassingAsserts":1,"retryReasons":[],"startAt":1784913182831,"status":"passed","title":"rol no autorizado: rechazo"},{"ancestorTitles":["2. COMPLETAR SEGURIDAD FUNCIONAL"],"duration":1,"failing":false,"failureDetails":[],"failureMessages":[],"fullName":"2. COMPLETAR SEGURIDAD FUNCIONAL eje inexistente: 404","invocations":1,"location":null,"numPassingAsserts":1,"retryReasons":[],"startAt":1784913182831,"status":"passed","title":"eje inexistente: 404"}],"endTime":1784913182833,"message":"","name":"C:\\Users\\jesus\\.gemini\\antigravity\\scratch\\cruz_roja_pei\\__tests__\\api\\admin\\pei\\objetivos-security2.test.ts","startTime":1784913182642,"status":"passed","summary":""},{"assertionResults":[{"ancestorTitles":["1. COMPLETAR CASOS DE PONDERACIÓN"],"duration":3,"failing":false,"failureDetails":[],"failureMessages":[],"fullName":"1. COMPLETAR CASOS DE PONDERACIÓN A. Dos objetivos de peso 60 en el mismo eje","invocations":1,"location":null,"numPassingAsserts":4,"retryReasons":[],"startAt":1784913183047,"status":"passed","title":"A. Dos objetivos de peso 60 en el mismo eje"},{"ancestorTitles":["1. COMPLETAR CASOS DE PONDERACIÓN"],"duration":1,"failing":false,"failureDetails":[],"failureMessages":[],"fullName":"1. COMPLETAR CASOS DE PONDERACIÓN B. Objetivo individual con peso 101","invocations":1,"location":null,"numPassingAsserts":2,"retryReasons":[],"startAt":1784913183050,"status":"passed","title":"B. Objetivo individual con peso 101"},{"ancestorTitles":["1. COMPLETAR CASOS DE PONDERACIÓN"],"duration":1,"failing":false,"failureDetails":[],"failureMessages":[],"fullName":"1. COMPLETAR CASOS DE PONDERACIÓN C. Peso cero","invocations":1,"location":null,"numPassingAsserts":2,"retryReasons":[],"startAt":1784913183051,"status":"passed","title":"C. Peso cero"},{"ancestorTitles":["1. COMPLETAR CASOS DE PONDERACIÓN"],"duration":1,"failing":false,"failureDetails":[],"failureMessages":[],"fullName":"1. COMPLETAR CASOS DE PONDERACIÓN D. Peso negativo","invocations":1,"location":null,"numPassingAsserts":2,"retryReasons":[],"startAt":1784913183052,"status":"passed","title":"D. Peso negativo"},{"ancestorTitles":["1. COMPLETAR CASOS DE PONDERACIÓN"],"duration":1,"failing":false,"failureDetails":[],"failureMessages":[],"fullName":"1. COMPLETAR CASOS DE PONDERACIÓN E. Peso no numérico","invocations":1,"location":null,"numPassingAsserts":2,"retryReasons":[],"startAt":1784913183053,"status":"passed","title":"E. Peso no numérico"},{"ancestorTitles":["1. COMPLETAR CASOS DE PONDERACIÓN"],"duration":1,"failing":false,"failureDetails":[],"failureMessages":[],"fullName":"1. COMPLETAR CASOS DE PONDERACIÓN F. Dos objetivos de peso 50","invocations":1,"location":null,"numPassingAsserts":4,"retryReasons":[],"startAt":1784913183054,"status":"passed","title":"F. Dos objetivos de peso 50"}],"endTime":1784913183055,"message":"","name":"C:\\Users\\jesus\\.gemini\\antigravity\\scratch\\cruz_roja_pei\\__tests__\\api\\admin\\pei\\objetivos-pesos.test.ts","startTime":1784913182838,"status":"passed","summary":""},{"assertionResults":[{"ancestorTitles":["Evidencia 4: ESTADO VACÍO (ObjetivosStep)"],"duration":40,"failing":false,"failureDetails":[],"failureMessages":[],"fullName":"Evidencia 4: ESTADO VACÍO (ObjetivosStep) CASO A: Existen ejes, pero no objetivos. Debe mostrar botón \"Agregar objetivo\".","invocations":1,"location":null,"numPassingAsserts":3,"retryReasons":[],"startAt":1784913183239,"status":"passed","title":"CASO A: Existen ejes, pero no objetivos. Debe mostrar botón \"Agregar objetivo\"."},{"ancestorTitles":["Evidencia 4: ESTADO VACÍO (ObjetivosStep)"],"duration":6,"failing":false,"failureDetails":[],"failureMessages":[],"fullName":"Evidencia 4: ESTADO VACÍO (ObjetivosStep) CASO B: No existen ejes. Debe mostrar botón \"Volver a Ejes\".","invocations":1,"location":null,"numPassingAsserts":2,"retryReasons":[],"startAt":1784913183280,"status":"passed","title":"CASO B: No existen ejes. Debe mostrar botón \"Volver a Ejes\"."}],"endTime":1784913183287,"message":"","name":"C:\\Users\\jesus\\.gemini\\antigravity\\scratch\\cruz_roja_pei\\__tests__\\components\\admin\\pei\\steps\\ObjetivosStep.test.tsx","startTime":1784913183064,"status":"passed","summary":""},{"assertionResults":[{"ancestorTitles":["Pruebas de Autorización (Nivel A)"],"duration":1,"failing":false,"failureDetails":[],"failureMessages":[],"fullName":"Pruebas de Autorización (Nivel A) Debe autorizar a un usuario activo con sesión válida","invocations":1,"location":null,"numPassingAsserts":2,"retryReasons":[],"startAt":1784913183449,"status":"passed","title":"Debe autorizar a un usuario activo con sesión válida"},{"ancestorTitles":["Pruebas de Autorización (Nivel A)"],"duration":4,"failing":false,"failureDetails":[],"failureMessages":[],"fullName":"Pruebas de Autorización (Nivel A) Debe rechazar a un usuario inactivo","invocations":1,"location":null,"numPassingAsserts":1,"retryReasons":[],"startAt":1784913183451,"status":"passed","title":"Debe rechazar a un usuario inactivo"},{"ancestorTitles":["Pruebas de Autorización (Nivel A)"],"duration":0,"failing":false,"failureDetails":[],"failureMessages":[],"fullName":"Pruebas de Autorización (Nivel A) Debe rechazar si el usuario no existe en la base de datos","invocations":1,"location":null,"numPassingAsserts":1,"retryReasons":[],"startAt":1784913183455,"status":"passed","title":"Debe rechazar si el usuario no existe en la base de datos"},{"ancestorTitles":["Pruebas de Autorización (Nivel A)"],"duration":1,"failing":false,"failureDetails":[],"failureMessages":[],"fullName":"Pruebas de Autorización (Nivel A) Debe rechazar tenant incorrecto si auth no retorna sesión válida","invocations":1,"location":null,"numPassingAsserts":1,"retryReasons":[],"startAt":1784913183455,"status":"passed","title":"Debe rechazar tenant incorrecto si auth no retorna sesión válida"},{"ancestorTitles":["Pruebas de Autorización (Nivel A)"],"duration":0,"failing":false,"failureDetails":[],"failureMessages":[],"fullName":"Pruebas de Autorización (Nivel A) Debe rechazar si falta el oidEntraId (oid)","invocations":1,"location":null,"numPassingAsserts":1,"retryReasons":[],"startAt":1784913183456,"status":"passed","title":"Debe rechazar si falta el oidEntraId (oid)"},{"ancestorTitles":["Pruebas de Autorización (Nivel A)"],"duration":0,"failing":false,"failureDetails":[],"failureMessages":[],"fullName":"Pruebas de Autorización (Nivel A) Debe rechazar si no hay sesión en absoluto","invocations":1,"location":null,"numPassingAsserts":1,"retryReasons":[],"startAt":1784913183456,"status":"passed","title":"Debe rechazar si no hay sesión en absoluto"},{"ancestorTitles":["Pruebas de Autorización (Nivel A)"],"duration":1,"failing":false,"failureDetails":[],"failureMessages":[],"fullName":"Pruebas de Autorización (Nivel A) Debe rechazar si el rol es insuficiente","invocations":1,"location":null,"numPassingAsserts":1,"retryReasons":[],"startAt":1784913183456,"status":"passed","title":"Debe rechazar si el rol es insuficiente"},{"ancestorTitles":["Pruebas de Autorización (Nivel A)"],"duration":0,"failing":false,"failureDetails":[],"failureMessages":[],"fullName":"Pruebas de Autorización (Nivel A) Debe rechazar si un director intenta acceder a otra dirección","invocations":1,"location":null,"numPassingAsserts":1,"retryReasons":[],"startAt":1784913183457,"status":"passed","title":"Debe rechazar si un director intenta acceder a otra dirección"},{"ancestorTitles":["Pruebas de Autorización (Nivel A)"],"duration":0,"failing":false,"failureDetails":[],"failureMessages":[],"fullName":"Pruebas de Autorización (Nivel A) Debe rechazar si una filial intenta acceder a otra filial","invocations":1,"location":null,"numPassingAsserts":1,"retryReasons":[],"startAt":1784913183457,"status":"passed","title":"Debe rechazar si una filial intenta acceder a otra filial"},{"ancestorTitles":["Pruebas de Autorización (Nivel A)"],"duration":1,"failing":false,"failureDetails":[],"failureMessages":[],"fullName":"Pruebas de Autorización (Nivel A) Debe rechazar si un LECTOR intenta modificar (no autorizado por rol)","invocations":1,"location":null,"numPassingAsserts":1,"retryReasons":[],"startAt":1784913183457,"status":"passed","title":"Debe rechazar si un LECTOR intenta modificar (no autorizado por rol)"},{"ancestorTitles":["Pruebas DTO Público"],"duration":0,"failing":false,"failureDetails":[],"failureMessages":[],"fullName":"Pruebas DTO Público API pública accesible sin autenticación (mock response format)","invocations":1,"location":null,"numPassingAsserts":1,"retryReasons":[],"startAt":1784913183458,"status":"passed","title":"API pública accesible sin autenticación (mock response format)"},{"ancestorTitles":["Pruebas DTO Público"],"duration":1,"failing":false,"failureDetails":[],"failureMessages":[],"fullName":"Pruebas DTO Público API privada bloqueada sin sesión","invocations":1,"location":null,"numPassingAsserts":1,"retryReasons":[],"startAt":1784913183458,"status":"passed","title":"API privada bloqueada sin sesión"},{"ancestorTitles":["Pruebas DTO Público"],"duration":1,"failing":false,"failureDetails":[],"failureMessages":[],"fullName":"Pruebas DTO Público Debe retornar agregados estratégicos sin datos sensibles","invocations":1,"location":null,"numPassingAsserts":4,"retryReasons":[],"startAt":1784913183459,"status":"passed","title":"Debe retornar agregados estratégicos sin datos sensibles"},{"ancestorTitles":["Auditoria de Codigo Fuente"],"duration":0,"failing":false,"failureDetails":[],"failureMessages":[],"fullName":"Auditoria de Codigo Fuente no debe usar email ni duplicar requirePlanningAccess","invocations":1,"location":null,"numPassingAsserts":2,"retryReasons":[],"startAt":1784913183460,"status":"passed","title":"no debe usar email ni duplicar requirePlanningAccess"}],"endTime":1784913183461,"message":"","name":"C:\\Users\\jesus\\.gemini\\antigravity\\scratch\\cruz_roja_pei\\__tests__\\authorizationService.test.ts","startTime":1784913183291,"status":"passed","summary":""},{"assertionResults":[{"ancestorTitles":["3. EVIDENCIA DEL FRONTEND"],"duration":28,"failing":false,"failureDetails":[],"failureMessages":[],"fullName":"3. EVIDENCIA DEL FRONTEND 1. Agregar objetivo crea una fila","invocations":1,"location":null,"numPassingAsserts":1,"retryReasons":[],"startAt":1784913183641,"status":"passed","title":"1. Agregar objetivo crea una fila"},{"ancestorTitles":["3. EVIDENCIA DEL FRONTEND"],"duration":7,"failing":false,"failureDetails":[],"failureMessages":[],"fullName":"3. EVIDENCIA DEL FRONTEND 5. Regresar recupera el objetivo, 6. Recargar recupera el objetivo, 7. Reabrir recupera el objetivo, 8. Peso 50 visible, 10. No se muestran IDs","invocations":1,"location":null,"numPassingAsserts":3,"retryReasons":[],"startAt":1784913183669,"status":"passed","title":"5. Regresar recupera el objetivo, 6. Recargar recupera el objetivo, 7. Reabrir recupera el objetivo, 8. Peso 50 visible, 10. No se muestran IDs"}],"endTime":1784913183677,"message":"","name":"C:\\Users\\jesus\\.gemini\\antigravity\\scratch\\cruz_roja_pei\\__tests__\\components\\admin\\pei\\steps\\ObjetivosStep-integration.test.tsx","startTime":1784913183481,"status":"passed","summary":""},{"assertionResults":[{"ancestorTitles":["Hierarchy API Ejes Contract Tests"],"duration":3,"failing":false,"failureDetails":[],"failureMessages":[],"fullName":"Hierarchy API Ejes Contract Tests Se crea un eje y retorna WEIGHTS_INCOMPLETE si suma es menor a 100","invocations":1,"location":null,"numPassingAsserts":5,"retryReasons":[],"startAt":1784913183849,"status":"passed","title":"Se crea un eje y retorna WEIGHTS_INCOMPLETE si suma es menor a 100"},{"ancestorTitles":["Hierarchy API Ejes Contract Tests"],"duration":1,"failing":false,"failureDetails":[],"failureMessages":[],"fullName":"Hierarchy API Ejes Contract Tests Se actualiza un eje y retorna WEIGHTS_EXCEEDED si suma es mayor a 100","invocations":1,"location":null,"numPassingAsserts":5,"retryReasons":[],"startAt":1784913183852,"status":"passed","title":"Se actualiza un eje y retorna WEIGHTS_EXCEEDED si suma es mayor a 100"},{"ancestorTitles":["Hierarchy API Ejes Contract Tests"],"duration":1,"failing":false,"failureDetails":[],"failureMessages":[],"fullName":"Hierarchy API Ejes Contract Tests No retorna warnings si la suma es exactamente 100 (con tolerancia)","invocations":1,"location":null,"numPassingAsserts":4,"retryReasons":[],"startAt":1784913183853,"status":"passed","title":"No retorna warnings si la suma es exactamente 100 (con tolerancia)"}],"endTime":1784913183855,"message":"","name":"C:\\Users\\jesus\\.gemini\\antigravity\\scratch\\cruz_roja_pei\\__tests__\\api\\admin\\pei\\hierarchy.test.ts","startTime":1784913183681,"status":"passed","summary":""},{"assertionResults":[{"ancestorTitles":["Dashboard API"],"duration":1,"failing":false,"failureDetails":[],"failureMessages":[],"fullName":"Dashboard API 4. Dashboard sin PEI devuelve HTTP 200","invocations":1,"location":null,"numPassingAsserts":1,"retryReasons":[],"startAt":1784913184031,"status":"passed","title":"4. Dashboard sin PEI devuelve HTTP 200"},{"ancestorTitles":["Dashboard API"],"duration":1,"failing":false,"failureDetails":[],"failureMessages":[],"fullName":"Dashboard API 5. Dashboard sin PEI devuelve PEI_NOT_CONFIGURED","invocations":1,"location":null,"numPassingAsserts":1,"retryReasons":[],"startAt":1784913184032,"status":"passed","title":"5. Dashboard sin PEI devuelve PEI_NOT_CONFIGURED"},{"ancestorTitles":["Dashboard API"],"duration":0,"failing":false,"failureDetails":[],"failureMessages":[],"fullName":"Dashboard API 9. Error real de base de datos devuelve HTTP 500","invocations":1,"location":null,"numPassingAsserts":1,"retryReasons":[],"startAt":1784913184034,"status":"passed","title":"9. Error real de base de datos devuelve HTTP 500"}],"endTime":1784913184035,"message":"","name":"C:\\Users\\jesus\\.gemini\\antigravity\\scratch\\cruz_roja_pei\\__tests__\\api\\dashboardApi.test.ts","startTime":1784913183870,"status":"passed","summary":""},{"assertionResults":[{"ancestorTitles":["Proxy Middleware"],"duration":1,"failing":false,"failureDetails":[],"failureMessages":[],"fullName":"Proxy Middleware 10. API sin sesión continúa devolviendo 401","invocations":1,"location":null,"numPassingAsserts":2,"retryReasons":[],"startAt":1784913184191,"status":"passed","title":"10. API sin sesión continúa devolviendo 401"}],"endTime":1784913184192,"message":"","name":"C:\\Users\\jesus\\.gemini\\antigravity\\scratch\\cruz_roja_pei\\__tests__\\middleware\\proxy.test.ts","startTime":1784913184039,"status":"passed","summary":""},{"assertionResults":[{"ancestorTitles":["targets API Tests"],"duration":0,"failing":false,"failureDetails":[],"failureMessages":[],"fullName":"targets API Tests Se crea una meta dentro del período","invocations":1,"location":null,"numPassingAsserts":1,"retryReasons":[],"startAt":1784913184371,"status":"passed","title":"Se crea una meta dentro del período"},{"ancestorTitles":["targets API Tests"],"duration":0,"failing":false,"failureDetails":[],"failureMessages":[],"fullName":"targets API Tests Meta duplicada se rechaza","invocations":1,"location":null,"numPassingAsserts":1,"retryReasons":[],"startAt":1784913184372,"status":"passed","title":"Meta duplicada se rechaza"},{"ancestorTitles":["targets API Tests"],"duration":0,"failing":false,"failureDetails":[],"failureMessages":[],"fullName":"targets API Tests Año fuera del período se rechaza","invocations":1,"location":null,"numPassingAsserts":1,"retryReasons":[],"startAt":1784913184372,"status":"passed","title":"Año fuera del período se rechaza"},{"ancestorTitles":["targets API Tests"],"duration":0,"failing":false,"failureDetails":[],"failureMessages":[],"fullName":"targets API Tests Campo vacío no se convierte en cero","invocations":1,"location":null,"numPassingAsserts":1,"retryReasons":[],"startAt":1784913184372,"status":"passed","title":"Campo vacío no se convierte en cero"},{"ancestorTitles":["targets API Tests"],"duration":0,"failing":false,"failureDetails":[],"failureMessages":[],"fullName":"targets API Tests Matriz se guarda transaccionalmente","invocations":1,"location":null,"numPassingAsserts":1,"retryReasons":[],"startAt":1784913184372,"status":"passed","title":"Matriz se guarda transaccionalmente"},{"ancestorTitles":["targets API Tests"],"duration":0,"failing":false,"failureDetails":[],"failureMessages":[],"fullName":"targets API Tests Error en una meta revierte toda la transacción","invocations":1,"location":null,"numPassingAsserts":1,"retryReasons":[],"startAt":1784913184373,"status":"passed","title":"Error en una meta revierte toda la transacción"}],"endTime":1784913184373,"message":"","name":"C:\\Users\\jesus\\.gemini\\antigravity\\scratch\\cruz_roja_pei\\__tests__\\api\\admin\\pei\\targets.test.ts","startTime":1784913184196,"status":"passed","summary":""},{"assertionResults":[{"ancestorTitles":["auth API Tests"],"duration":2,"failing":false,"failureDetails":[],"failureMessages":[],"fullName":"auth API Tests PLANIFICACION accede a GET /api/admin/pei","invocations":1,"location":null,"numPassingAsserts":1,"retryReasons":[],"startAt":1784913184533,"status":"passed","title":"PLANIFICACION accede a GET /api/admin/pei"},{"ancestorTitles":["auth API Tests"],"duration":0,"failing":false,"failureDetails":[],"failureMessages":[],"fullName":"auth API Tests PLANIFICACION crea un PEI","invocations":1,"location":null,"numPassingAsserts":1,"retryReasons":[],"startAt":1784913184535,"status":"passed","title":"PLANIFICACION crea un PEI"},{"ancestorTitles":["auth API Tests"],"duration":2,"failing":false,"failureDetails":[],"failureMessages":[],"fullName":"auth API Tests Usuario sin sesión recibe 401","invocations":1,"location":null,"numPassingAsserts":1,"retryReasons":[],"startAt":1784913184536,"status":"passed","title":"Usuario sin sesión recibe 401"},{"ancestorTitles":["auth API Tests"],"duration":0,"failing":false,"failureDetails":[],"failureMessages":[],"fullName":"auth API Tests Usuario inactivo recibe 403","invocations":1,"location":null,"numPassingAsserts":1,"retryReasons":[],"startAt":1784913184539,"status":"passed","title":"Usuario inactivo recibe 403"},{"ancestorTitles":["auth API Tests"],"duration":1,"failing":false,"failureDetails":[],"failureMessages":[],"fullName":"auth API Tests Usuario no registrado recibe 403","invocations":1,"location":null,"numPassingAsserts":1,"retryReasons":[],"startAt":1784913184539,"status":"passed","title":"Usuario no registrado recibe 403"},{"ancestorTitles":["auth API Tests"],"duration":0,"failing":false,"failureDetails":[],"failureMessages":[],"fullName":"auth API Tests Tenant incorrecto recibe 403","invocations":1,"location":null,"numPassingAsserts":1,"retryReasons":[],"startAt":1784913184540,"status":"passed","title":"Tenant incorrecto recibe 403"},{"ancestorTitles":["auth API Tests"],"duration":0,"failing":false,"failureDetails":[],"failureMessages":[],"fullName":"auth API Tests Sesión sin oid es rechazada","invocations":1,"location":null,"numPassingAsserts":1,"retryReasons":[],"startAt":1784913184540,"status":"passed","title":"Sesión sin oid es rechazada"},{"ancestorTitles":["auth API Tests"],"duration":1,"failing":false,"failureDetails":[],"failureMessages":[],"fullName":"auth API Tests LECTURA recibe 403 al crear","invocations":1,"location":null,"numPassingAsserts":1,"retryReasons":[],"startAt":1784913184540,"status":"passed","title":"LECTURA recibe 403 al crear"},{"ancestorTitles":["auth API Tests"],"duration":0,"failing":false,"failureDetails":[],"failureMessages":[],"fullName":"auth API Tests DIRECTOR_AREA recibe 403 al modificar","invocations":1,"location":null,"numPassingAsserts":1,"retryReasons":[],"startAt":1784913184541,"status":"passed","title":"DIRECTOR_AREA recibe 403 al modificar"},{"ancestorTitles":["auth API Tests"],"duration":0,"failing":false,"failureDetails":[],"failureMessages":[],"fullName":"auth API Tests Rol enviado por el navegador es ignorado","invocations":1,"location":null,"numPassingAsserts":1,"retryReasons":[],"startAt":1784913184541,"status":"passed","title":"Rol enviado por el navegador es ignorado"},{"ancestorTitles":["auth API Tests"],"duration":0,"failing":false,"failureDetails":[],"failureMessages":[],"fullName":"auth API Tests Email enviado por el navegador es ignorado","invocations":1,"location":null,"numPassingAsserts":1,"retryReasons":[],"startAt":1784913184541,"status":"passed","title":"Email enviado por el navegador es ignorado"}],"endTime":1784913184542,"message":"","name":"C:\\Users\\jesus\\.gemini\\antigravity\\scratch\\cruz_roja_pei\\__tests__\\api\\admin\\pei\\auth.test.ts","startTime":1784913184390,"status":"passed","summary":""},{"assertionResults":[{"ancestorTitles":["activation API Tests"],"duration":1,"failing":false,"failureDetails":[],"failureMessages":[],"fullName":"activation API Tests PEI sin ejes no puede activarse","invocations":1,"location":null,"numPassingAsserts":1,"retryReasons":[],"startAt":1784913184686,"status":"passed","title":"PEI sin ejes no puede activarse"},{"ancestorTitles":["activation API Tests"],"duration":1,"failing":false,"failureDetails":[],"failureMessages":[],"fullName":"activation API Tests Eje sin objetivos no puede activarse","invocations":1,"location":null,"numPassingAsserts":1,"retryReasons":[],"startAt":1784913184687,"status":"passed","title":"Eje sin objetivos no puede activarse"},{"ancestorTitles":["activation API Tests"],"duration":0,"failing":false,"failureDetails":[],"failureMessages":[],"fullName":"activation API Tests Objetivo sin resultados no puede activarse","invocations":1,"location":null,"numPassingAsserts":1,"retryReasons":[],"startAt":1784913184688,"status":"passed","title":"Objetivo sin resultados no puede activarse"},{"ancestorTitles":["activation API Tests"],"duration":0,"failing":false,"failureDetails":[],"failureMessages":[],"fullName":"activation API Tests Resultado sin indicadores no puede activarse","invocations":1,"location":null,"numPassingAsserts":1,"retryReasons":[],"startAt":1784913184688,"status":"passed","title":"Resultado sin indicadores no puede activarse"},{"ancestorTitles":["activation API Tests"],"duration":0,"failing":false,"failureDetails":[],"failureMessages":[],"fullName":"activation API Tests Indicador sin metas requeridas no puede activarse","invocations":1,"location":null,"numPassingAsserts":1,"retryReasons":[],"startAt":1784913184688,"status":"passed","title":"Indicador sin metas requeridas no puede activarse"},{"ancestorTitles":["activation API Tests"],"duration":0,"failing":false,"failureDetails":[],"failureMessages":[],"fullName":"activation API Tests Pesos de ejes distintos de 100 bloquean activación","invocations":1,"location":null,"numPassingAsserts":1,"retryReasons":[],"startAt":1784913184688,"status":"passed","title":"Pesos de ejes distintos de 100 bloquean activación"},{"ancestorTitles":["activation API Tests"],"duration":1,"failing":false,"failureDetails":[],"failureMessages":[],"fullName":"activation API Tests Pesos de objetivos distintos de 100 bloquean activación","invocations":1,"location":null,"numPassingAsserts":1,"retryReasons":[],"startAt":1784913184688,"status":"passed","title":"Pesos de objetivos distintos de 100 bloquean activación"},{"ancestorTitles":["activation API Tests"],"duration":0,"failing":false,"failureDetails":[],"failureMessages":[],"fullName":"activation API Tests Pesos de resultados distintos de 100 bloquean activación","invocations":1,"location":null,"numPassingAsserts":1,"retryReasons":[],"startAt":1784913184689,"status":"passed","title":"Pesos de resultados distintos de 100 bloquean activación"},{"ancestorTitles":["activation API Tests"],"duration":0,"failing":false,"failureDetails":[],"failureMessages":[],"fullName":"activation API Tests Pesos de indicadores distintos de 100 bloquean activación","invocations":1,"location":null,"numPassingAsserts":1,"retryReasons":[],"startAt":1784913184689,"status":"passed","title":"Pesos de indicadores distintos de 100 bloquean activación"},{"ancestorTitles":["activation API Tests"],"duration":0,"failing":false,"failureDetails":[],"failureMessages":[],"fullName":"activation API Tests Tolerancia de 0.0001 funciona correctamente","invocations":1,"location":null,"numPassingAsserts":1,"retryReasons":[],"startAt":1784913184689,"status":"passed","title":"Tolerancia de 0.0001 funciona correctamente"},{"ancestorTitles":["activation API Tests"],"duration":0,"failing":false,"failureDetails":[],"failureMessages":[],"fullName":"activation API Tests Configuración válida permite activación","invocations":1,"location":null,"numPassingAsserts":1,"retryReasons":[],"startAt":1784913184689,"status":"passed","title":"Configuración válida permite activación"},{"ancestorTitles":["activation API Tests"],"duration":1,"failing":false,"failureDetails":[],"failureMessages":[],"fullName":"activation API Tests Activación establece ACTIVO","invocations":1,"location":null,"numPassingAsserts":1,"retryReasons":[],"startAt":1784913184689,"status":"passed","title":"Activación establece ACTIVO"},{"ancestorTitles":["activation API Tests"],"duration":0,"failing":false,"failureDetails":[],"failureMessages":[],"fullName":"activation API Tests Activación establece activo=true","invocations":1,"location":null,"numPassingAsserts":1,"retryReasons":[],"startAt":1784913184690,"status":"passed","title":"Activación establece activo=true"},{"ancestorTitles":["activation API Tests"],"duration":0,"failing":false,"failureDetails":[],"failureMessages":[],"fullName":"activation API Tests Activación impide otro PEI activo","invocations":1,"location":null,"numPassingAsserts":1,"retryReasons":[],"startAt":1784913184690,"status":"passed","title":"Activación impide otro PEI activo"},{"ancestorTitles":["activation API Tests"],"duration":0,"failing":false,"failureDetails":[],"failureMessages":[],"fullName":"activation API Tests Activación genera auditoría","invocations":1,"location":null,"numPassingAsserts":1,"retryReasons":[],"startAt":1784913184690,"status":"passed","title":"Activación genera auditoría"},{"ancestorTitles":["activation API Tests"],"duration":0,"failing":false,"failureDetails":[],"failureMessages":[],"fullName":"activation API Tests Fallo durante activación revierte la transacción","invocations":1,"location":null,"numPassingAsserts":1,"retryReasons":[],"startAt":1784913184690,"status":"passed","title":"Fallo durante activación revierte la transacción"}],"endTime":1784913184691,"message":"","name":"C:\\Users\\jesus\\.gemini\\antigravity\\scratch\\cruz_roja_pei\\__tests__\\api\\admin\\pei\\activation.test.ts","startTime":1784913184546,"status":"passed","summary":""},{"assertionResults":[{"ancestorTitles":["security API Tests"],"duration":1,"failing":false,"failureDetails":[],"failureMessages":[],"fullName":"security API Tests Ningún endpoint devuelve secretos","invocations":1,"location":null,"numPassingAsserts":1,"retryReasons":[],"startAt":1784913184842,"status":"passed","title":"Ningún endpoint devuelve secretos"},{"ancestorTitles":["security API Tests"],"duration":0,"failing":false,"failureDetails":[],"failureMessages":[],"fullName":"security API Tests Ningún endpoint devuelve stack trace","invocations":1,"location":null,"numPassingAsserts":1,"retryReasons":[],"startAt":1784913184843,"status":"passed","title":"Ningún endpoint devuelve stack trace"},{"ancestorTitles":["security API Tests"],"duration":1,"failing":false,"failureDetails":[],"failureMessages":[],"fullName":"security API Tests Ningún endpoint devuelve DATABASE_URL","invocations":1,"location":null,"numPassingAsserts":1,"retryReasons":[],"startAt":1784913184843,"status":"passed","title":"Ningún endpoint devuelve DATABASE_URL"},{"ancestorTitles":["security API Tests"],"duration":0,"failing":false,"failureDetails":[],"failureMessages":[],"fullName":"security API Tests Error interno formato estándar {error: {code, message, requestId}}","invocations":1,"location":null,"numPassingAsserts":1,"retryReasons":[],"startAt":1784913184844,"status":"passed","title":"Error interno formato estándar {error: {code, message, requestId}}"},{"ancestorTitles":["security API Tests"],"duration":0,"failing":false,"failureDetails":[],"failureMessages":[],"fullName":"security API Tests Auditoría no guarda tokens ni cookies","invocations":1,"location":null,"numPassingAsserts":1,"retryReasons":[],"startAt":1784913184844,"status":"passed","title":"Auditoría no guarda tokens ni cookies"},{"ancestorTitles":["security API Tests"],"duration":0,"failing":false,"failureDetails":[],"failureMessages":[],"fullName":"security API Tests No se crean datos ficticios sin limpiar","invocations":1,"location":null,"numPassingAsserts":1,"retryReasons":[],"startAt":1784913184844,"status":"passed","title":"No se crean datos ficticios sin limpiar"},{"ancestorTitles":["security API Tests"],"duration":0,"failing":false,"failureDetails":[],"failureMessages":[],"fullName":"security API Tests No se altera la configuración de Entra ID ni roles","invocations":1,"location":null,"numPassingAsserts":1,"retryReasons":[],"startAt":1784913184844,"status":"passed","title":"No se altera la configuración de Entra ID ni roles"}],"endTime":1784913184845,"message":"","name":"C:\\Users\\jesus\\.gemini\\antigravity\\scratch\\cruz_roja_pei\\__tests__\\api\\admin\\pei\\security.test.ts","startTime":1784913184695,"status":"passed","summary":""}],"wasInterrupted":false}
